# JRE version: OpenJDK Runtime Environment (11.0.8+10) (build 11.0.8+10-b944.6842174)
# Java VM: OpenJDK 64-Bit Server VM (11.0.8+10-b944.6842174, mixed mode, tiered, compressed oops, g1 gc, windows-amd64)
Heap:
 garbage-first heap   total 393216K, used 213887K [0x0000000080000000, 0x0000000100000000)
  region size 1024K, 178 young (182272K), 28 survivors (28672K)
 Metaspace       used 85404K, capacity 87357K, committed 87680K, reserved 1124352K
  class space    used 11121K, capacity 11822K, committed 11904K, reserved 1048576K
GC Heap History (14 events):
Event: 0.620 GC heap before
{Heap before GC invocations=0 (full 0):
 garbage-first heap   total 393216K, used 29696K [0x0000000080000000, 0x0000000100000000)
  region size 1024K, 24 young (24576K), 0 survivors (0K)
 Metaspace       used 10168K, capacity 10335K, committed 10368K, reserved 1058816K
  class space    used 1065K, capacity 1125K, committed 1152K, reserved 1048576K
}
Event: 0.624 GC heap after
{Heap after GC invocations=1 (full 0):
 garbage-first heap   total 393216K, used 8820K [0x0000000080000000, 0x0000000100000000)
  region size 1024K, 3 young (3072K), 3 survivors (3072K)
 Metaspace       used 10168K, capacity 10335K, committed 10368K, reserved 1058816K
  class space    used 1065K, capacity 1125K, committed 1152K, reserved 1048576K
}
Event: 2.375 GC heap before
{Heap before GC invocations=1 (full 0):
 garbage-first heap   total 393216K, used 94836K [0x0000000080000000, 0x0000000100000000)
  region size 1024K, 89 young (91136K), 3 survivors (3072K)
 Metaspace       used 20636K, capacity 21109K, committed 21248K, reserved 1067008K
  class space    used 2531K, capacity 2710K, committed 2816K, reserved 1048576K
}
Event: 2.384 GC heap after
{Heap after GC invocations=2 (full 0):
 garbage-first heap   total 393216K, used 16340K [0x0000000080000000, 0x0000000100000000)
  region size 1024K, 11 young (11264K), 11 survivors (11264K)
 Metaspace       used 20636K, capacity 21109K, committed 21248K, reserved 1067008K
  class space    used 2531K, capacity 2710K, committed 2816K, reserved 1048576K
}
Event: 2.665 GC heap before
{Heap before GC invocations=3 (full 0):
 garbage-first heap   total 393216K, used 43988K [0x0000000080000000, 0x0000000100000000)
  region size 1024K, 38 young (38912K), 11 survivors (11264K)
 Metaspace       used 23821K, capacity 24434K, committed 24576K, reserved 1071104K
  class space    used 3031K, capacity 3224K, committed 3328K, reserved 1048576K
}
Event: 2.670 GC heap after
{Heap after GC invocations=4 (full 0):
 garbage-first heap   total 393216K, used 17587K [0x0000000080000000, 0x0000000100000000)
  region size 1024K, 2 young (2048K), 2 survivors (2048K)
 Metaspace       used 23821K, capacity 24434K, committed 24576K, reserved 1071104K
  class space    used 3031K, capacity 3224K, committed 3328K, reserved 1048576K
}
Event: 3.460 GC heap before
{Heap before GC invocations=4 (full 0):
 garbage-first heap   total 393216K, used 88243K [0x0000000080000000, 0x0000000100000000)
  region size 1024K, 72 young (73728K), 2 survivors (2048K)
 Metaspace       used 35105K, capacity 35773K, committed 35840K, reserved 1081344K
  class space    used 4567K, capacity 4856K, committed 4864K, reserved 1048576K
}
Event: 3.467 GC heap after
{Heap after GC invocations=5 (full 0):
 garbage-first heap   total 393216K, used 21460K [0x0000000080000000, 0x0000000100000000)
  region size 1024K, 6 young (6144K), 6 survivors (6144K)
 Metaspace       used 35105K, capacity 35773K, committed 35840K, reserved 1081344K
  class space    used 4567K, capacity 4856K, committed 4864K, reserved 1048576K
}
Event: 4.583 GC heap before
{Heap before GC invocations=6 (full 0):
 garbage-first heap   total 393216K, used 135124K [0x0000000080000000, 0x0000000100000000)
  region size 1024K, 114 young (116736K), 6 survivors (6144K)
 Metaspace       used 44372K, capacity 45388K, committed 45568K, reserved 1089536K
  class space    used 5701K, capacity 6077K, committed 6144K, reserved 1048576K
}
Event: 4.592 GC heap after
{Heap after GC invocations=7 (full 0):
 garbage-first heap   total 393216K, used 27895K [0x0000000080000000, 0x0000000100000000)
  region size 1024K, 12 young (12288K), 12 survivors (12288K)
 Metaspace       used 44372K, capacity 45388K, committed 45568K, reserved 1089536K
  class space    used 5701K, capacity 6077K, committed 6144K, reserved 1048576K
}
Event: 6.102 GC heap before
{Heap before GC invocations=7 (full 0):
 garbage-first heap   total 393216K, used 191735K [0x0000000080000000, 0x0000000100000000)
  region size 1024K, 167 young (171008K), 12 survivors (12288K)
 Metaspace       used 58639K, capacity 60012K, committed 60160K, reserved 1101824K
  class space    used 7449K, capacity 7975K, committed 8064K, reserved 1048576K
}
Event: 6.138 GC heap after
{Heap after GC invocations=8 (full 0):
 garbage-first heap   total 393216K, used 49826K [0x0000000080000000, 0x0000000100000000)
  region size 1024K, 27 young (27648K), 27 survivors (27648K)
 Metaspace       used 58639K, capacity 60012K, committed 60160K, reserved 1101824K
  class space    used 7449K, capacity 7975K, committed 8064K, reserved 1048576K
}
Event: 8.449 GC heap before
{Heap before GC invocations=9 (full 0):
 garbage-first heap   total 393216K, used 257698K [0x0000000080000000, 0x0000000100000000)
  region size 1024K, 230 young (235520K), 27 survivors (27648K)
 Metaspace       used 77934K, capacity 79851K, committed 80128K, reserved 1118208K
  class space    used 10198K, capacity 10905K, committed 11008K, reserved 1048576K
}
Event: 8.476 GC heap after
{Heap after GC invocations=10 (full 0):
 garbage-first heap   total 393216K, used 62335K [0x0000000080000000, 0x0000000100000000)
  region size 1024K, 28 young (28672K), 28 survivors (28672K)
 Metaspace       used 77934K, capacity 79851K, committed 80128K, reserved 1118208K
  class space    used 10198K, capacity 10905K, committed 11008K, reserved 1048576K
}

