# JRE version: OpenJDK Runtime Environment (11.0.8+10) (build 11.0.8+10-b944.6842174)
# Java VM: OpenJDK 64-Bit Server VM (11.0.8+10-b944.6842174, mixed mode, tiered, compressed oops, g1 gc, windows-amd64)
Heap:
 garbage-first heap   total 669696K, used 211573K [0x0000000080000000, 0x0000000100000000)
  region size 1024K, 4 young (4096K), 4 survivors (4096K)
 Metaspace       used 136338K, capacity 141392K, committed 141604K, reserved 1173504K
  class space    used 16601K, capacity 18397K, committed 18468K, reserved 1048576K
GC Heap History (20 events):
Event: 2543.620 GC heap after
{Heap after GC invocations=246 (full 0):
 garbage-first heap   total 412672K, used 126480K [0x0000000080000000, 0x0000000100000000)
  region size 1024K, 3 young (3072K), 3 survivors (3072K)
 Metaspace       used 134946K, capacity 139924K, committed 140196K, reserved 1171456K
  class space    used 16449K, capacity 18262K, committed 18340K, reserved 1048576K
}
Event: 2543.631 GC heap before
{Heap before GC invocations=246 (full 0):
 garbage-first heap   total 412672K, used 127504K [0x0000000080000000, 0x0000000100000000)
  region size 1024K, 6 young (6144K), 3 survivors (3072K)
 Metaspace       used 134946K, capacity 139924K, committed 140196K, reserved 1171456K
  class space    used 16449K, capacity 18262K, committed 18340K, reserved 1048576K
}
Event: 2543.639 GC heap after
{Heap after GC invocations=247 (full 0):
 garbage-first heap   total 412672K, used 127859K [0x0000000080000000, 0x0000000100000000)
  region size 1024K, 5 young (5120K), 5 survivors (5120K)
 Metaspace       used 134946K, capacity 139924K, committed 140196K, reserved 1171456K
  class space    used 16449K, capacity 18262K, committed 18340K, reserved 1048576K
}
Event: 2544.053 GC heap before
{Heap before GC invocations=248 (full 0):
 garbage-first heap   total 412672K, used 246643K [0x0000000080000000, 0x0000000100000000)
  region size 1024K, 107 young (109568K), 5 survivors (5120K)
 Metaspace       used 134989K, capacity 139894K, committed 140452K, reserved 1171456K
  class space    used 16411K, capacity 18181K, committed 18340K, reserved 1048576K
}
Event: 2544.063 GC heap after
{Heap after GC invocations=249 (full 0):
 garbage-first heap   total 412672K, used 135239K [0x0000000080000000, 0x0000000100000000)
  region size 1024K, 12 young (12288K), 12 survivors (12288K)
 Metaspace       used 134989K, capacity 139894K, committed 140452K, reserved 1171456K
  class space    used 16411K, capacity 18181K, committed 18340K, reserved 1048576K
}
Event: 2544.105 GC heap before
{Heap before GC invocations=249 (full 0):
 garbage-first heap   total 412672K, used 142407K [0x0000000080000000, 0x0000000100000000)
  region size 1024K, 20 young (20480K), 12 survivors (12288K)
 Metaspace       used 135002K, capacity 139894K, committed 140452K, reserved 1171456K
  class space    used 16411K, capacity 18181K, committed 18340K, reserved 1048576K
}
Event: 2544.112 GC heap after
{Heap after GC invocations=250 (full 0):
 garbage-first heap   total 412672K, used 128331K [0x0000000080000000, 0x0000000100000000)
  region size 1024K, 2 young (2048K), 2 survivors (2048K)
 Metaspace       used 135002K, capacity 139894K, committed 140452K, reserved 1171456K
  class space    used 16411K, capacity 18181K, committed 18340K, reserved 1048576K
}
Event: 2544.476 GC heap before
{Heap before GC invocations=250 (full 0):
 garbage-first heap   total 412672K, used 216395K [0x0000000080000000, 0x0000000100000000)
  region size 1024K, 90 young (92160K), 2 survivors (2048K)
 Metaspace       used 135776K, capacity 140764K, committed 140964K, reserved 1171456K
  class space    used 16508K, capacity 18274K, committed 18340K, reserved 1048576K
}
Event: 2544.483 GC heap after
{Heap after GC invocations=251 (full 0):
 garbage-first heap   total 412672K, used 129095K [0x0000000080000000, 0x0000000100000000)
  region size 1024K, 3 young (3072K), 3 survivors (3072K)
 Metaspace       used 135776K, capacity 140764K, committed 140964K, reserved 1171456K
  class space    used 16508K, capacity 18274K, committed 18340K, reserved 1048576K
}
Event: 2544.788 GC heap before
{Heap before GC invocations=252 (full 0):
 garbage-first heap   total 412672K, used 273479K [0x0000000080000000, 0x0000000100000000)
  region size 1024K, 130 young (133120K), 3 survivors (3072K)
 Metaspace       used 136082K, capacity 141080K, committed 141348K, reserved 1171456K
  class space    used 16551K, capacity 18317K, committed 18468K, reserved 1048576K
}
Event: 2544.838 GC heap after
{Heap after GC invocations=253 (full 0):
 garbage-first heap   total 412672K, used 192000K [0x0000000080000000, 0x0000000100000000)
  region size 1024K, 17 young (17408K), 17 survivors (17408K)
 Metaspace       used 136082K, capacity 141080K, committed 141348K, reserved 1171456K
  class space    used 16551K, capacity 18317K, committed 18468K, reserved 1048576K
}
Event: 2544.840 GC heap before
{Heap before GC invocations=253 (full 0):
 garbage-first heap   total 412672K, used 195072K [0x0000000080000000, 0x0000000100000000)
  region size 1024K, 20 young (20480K), 17 survivors (17408K)
 Metaspace       used 136082K, capacity 141080K, committed 141348K, reserved 1171456K
  class space    used 16551K, capacity 18317K, committed 18468K, reserved 1048576K
}
Event: 2544.876 GC heap after
{Heap after GC invocations=254 (full 0):
 garbage-first heap   total 412672K, used 181388K [0x0000000080000000, 0x0000000100000000)
  region size 1024K, 3 young (3072K), 3 survivors (3072K)
 Metaspace       used 136082K, capacity 141080K, committed 141348K, reserved 1171456K
  class space    used 16551K, capacity 18317K, committed 18468K, reserved 1048576K
}
Event: 2545.088 GC heap before
{Heap before GC invocations=254 (full 0):
 garbage-first heap   total 412672K, used 241804K [0x0000000080000000, 0x0000000100000000)
  region size 1024K, 64 young (65536K), 3 survivors (3072K)
 Metaspace       used 136220K, capacity 141243K, committed 141604K, reserved 1173504K
  class space    used 16578K, capacity 18350K, committed 18468K, reserved 1048576K
}
Event: 2545.106 GC heap after
{Heap after GC invocations=255 (full 0):
 garbage-first heap   total 412672K, used 195584K [0x0000000080000000, 0x0000000100000000)
  region size 1024K, 13 young (13312K), 13 survivors (13312K)
 Metaspace       used 136220K, capacity 141243K, committed 141604K, reserved 1173504K
  class space    used 16578K, capacity 18350K, committed 18468K, reserved 1048576K
}
Event: 2545.701 GC heap before
{Heap before GC invocations=256 (full 0):
 garbage-first heap   total 412672K, used 295936K [0x0000000080000000, 0x0000000100000000)
  region size 1024K, 99 young (101376K), 13 survivors (13312K)
 Metaspace       used 136338K, capacity 141392K, committed 141604K, reserved 1173504K
  class space    used 16601K, capacity 18397K, committed 18468K, reserved 1048576K
}
Event: 2545.726 GC heap after
{Heap after GC invocations=257 (full 0):
 garbage-first heap   total 412672K, used 217842K [0x0000000080000000, 0x0000000100000000)
  region size 1024K, 11 young (11264K), 11 survivors (11264K)
 Metaspace       used 136338K, capacity 141392K, committed 141604K, reserved 1173504K
  class space    used 16601K, capacity 18397K, committed 18468K, reserved 1048576K
}
Event: 2545.736 GC heap before
{Heap before GC invocations=257 (full 0):
 garbage-first heap   total 412672K, used 226034K [0x0000000080000000, 0x0000000100000000)
  region size 1024K, 20 young (20480K), 11 survivors (11264K)
 Metaspace       used 136338K, capacity 141392K, committed 141604K, reserved 1173504K
  class space    used 16601K, capacity 18397K, committed 18468K, reserved 1048576K
}
Event: 2545.756 GC heap after
{Heap after GC invocations=258 (full 0):
 garbage-first heap   total 412672K, used 210081K [0x0000000080000000, 0x0000000100000000)
  region size 1024K, 3 young (3072K), 3 survivors (3072K)
 Metaspace       used 136338K, capacity 141392K, committed 141604K, reserved 1173504K
  class space    used 16601K, capacity 18397K, committed 18468K, reserved 1048576K
}
Event: 2545.762 GC heap before
{Heap before GC invocations=258 (full 0):
 garbage-first heap   total 412672K, used 217249K [0x0000000080000000, 0x0000000100000000)
  region size 1024K, 11 young (11264K), 3 survivors (3072K)
 Metaspace       used 136338K, capacity 141392K, committed 141604K, reserved 1173504K
  class space    used 16601K, capacity 18397K, committed 18468K, reserved 1048576K
}

