# JRE version: OpenJDK Runtime Environment (11.0.8+10) (build 11.0.8+10-b944.6842174)
# Java VM: OpenJDK 64-Bit Server VM (11.0.8+10-b944.6842174, mixed mode, tiered, compressed oops, g1 gc, windows-amd64)
Heap:
 garbage-first heap   total 401408K, used 292650K [0x0000000080000000, 0x0000000100000000)
  region size 1024K, 22 young (22528K), 3 survivors (3072K)
 Metaspace       used 125074K, capacity 128638K, committed 129204K, reserved 1161216K
  class space    used 15372K, capacity 16579K, committed 16784K, reserved 1048576K
GC Heap History (20 events):
Event: 749.391 GC heap before
{Heap before GC invocations=27 (full 0):
 garbage-first heap   total 401408K, used 282273K [0x0000000080000000, 0x0000000100000000)
  region size 1024K, 124 young (126976K), 16 survivors (16384K)
 Metaspace       used 121480K, capacity 125009K, committed 125876K, reserved 1159168K
  class space    used 15026K, capacity 16210K, committed 16528K, reserved 1048576K
}
Event: 749.422 GC heap after
{Heap after GC invocations=28 (full 0):
 garbage-first heap   total 401408K, used 217643K [0x0000000080000000, 0x0000000100000000)
  region size 1024K, 16 young (16384K), 16 survivors (16384K)
 Metaspace       used 121480K, capacity 125009K, committed 125876K, reserved 1159168K
  class space    used 15026K, capacity 16210K, committed 16528K, reserved 1048576K
}
Event: 749.492 GC heap before
{Heap before GC invocations=28 (full 0):
 garbage-first heap   total 401408K, used 229931K [0x0000000080000000, 0x0000000100000000)
  region size 1024K, 29 young (29696K), 16 survivors (16384K)
 Metaspace       used 121480K, capacity 125009K, committed 125876K, reserved 1159168K
  class space    used 15026K, capacity 16210K, committed 16528K, reserved 1048576K
}
Event: 749.505 GC heap after
{Heap after GC invocations=29 (full 0):
 garbage-first heap   total 401408K, used 226536K [0x0000000080000000, 0x0000000100000000)
  region size 1024K, 7 young (7168K), 7 survivors (7168K)
 Metaspace       used 121480K, capacity 125009K, committed 125876K, reserved 1159168K
  class space    used 15026K, capacity 16210K, committed 16528K, reserved 1048576K
}
Event: 750.046 GC heap before
{Heap before GC invocations=30 (full 0):
 garbage-first heap   total 401408K, used 291048K [0x0000000080000000, 0x0000000100000000)
  region size 1024K, 64 young (65536K), 7 survivors (7168K)
 Metaspace       used 121637K, capacity 125146K, committed 125876K, reserved 1159168K
  class space    used 15039K, capacity 16212K, committed 16528K, reserved 1048576K
}
Event: 750.065 GC heap after
{Heap after GC invocations=31 (full 0):
 garbage-first heap   total 401408K, used 258560K [0x0000000080000000, 0x0000000100000000)
  region size 1024K, 8 young (8192K), 8 survivors (8192K)
 Metaspace       used 121637K, capacity 125146K, committed 125876K, reserved 1159168K
  class space    used 15039K, capacity 16212K, committed 16528K, reserved 1048576K
}
Event: 750.193 GC heap before
{Heap before GC invocations=31 (full 0):
 garbage-first heap   total 401408K, used 268800K [0x0000000080000000, 0x0000000100000000)
  region size 1024K, 19 young (19456K), 8 survivors (8192K)
 Metaspace       used 122987K, capacity 126445K, committed 127028K, reserved 1159168K
  class space    used 15185K, capacity 16349K, committed 16656K, reserved 1048576K
}
Event: 750.204 GC heap after
{Heap after GC invocations=32 (full 0):
 garbage-first heap   total 401408K, used 257115K [0x0000000080000000, 0x0000000100000000)
  region size 1024K, 2 young (2048K), 2 survivors (2048K)
 Metaspace       used 122987K, capacity 126445K, committed 127028K, reserved 1159168K
  class space    used 15185K, capacity 16349K, committed 16656K, reserved 1048576K
}
Event: 750.400 GC heap before
{Heap before GC invocations=32 (full 0):
 garbage-first heap   total 401408K, used 271451K [0x0000000080000000, 0x0000000100000000)
  region size 1024K, 18 young (18432K), 2 survivors (2048K)
 Metaspace       used 124624K, capacity 128104K, committed 128692K, reserved 1161216K
  class space    used 15351K, capacity 16537K, committed 16784K, reserved 1048576K
}
Event: 750.407 GC heap after
{Heap after GC invocations=33 (full 0):
 garbage-first heap   total 401408K, used 260035K [0x0000000080000000, 0x0000000100000000)
  region size 1024K, 5 young (5120K), 5 survivors (5120K)
 Metaspace       used 124624K, capacity 128104K, committed 128692K, reserved 1161216K
  class space    used 15351K, capacity 16537K, committed 16784K, reserved 1048576K
}
Event: 750.864 GC heap before
{Heap before GC invocations=34 (full 0):
 garbage-first heap   total 401408K, used 309699K [0x0000000080000000, 0x0000000100000000)
  region size 1024K, 53 young (54272K), 5 survivors (5120K)
 Metaspace       used 124676K, capacity 128168K, committed 128692K, reserved 1161216K
  class space    used 15353K, capacity 16537K, committed 16784K, reserved 1048576K
}
Event: 750.879 GC heap after
{Heap after GC invocations=35 (full 0):
 garbage-first heap   total 401408K, used 260876K [0x0000000080000000, 0x0000000100000000)
  region size 1024K, 7 young (7168K), 7 survivors (7168K)
 Metaspace       used 124676K, capacity 128168K, committed 128692K, reserved 1161216K
  class space    used 15353K, capacity 16537K, committed 16784K, reserved 1048576K
}
Event: 750.939 GC heap before
{Heap before GC invocations=35 (full 0):
 garbage-first heap   total 401408K, used 273164K [0x0000000080000000, 0x0000000100000000)
  region size 1024K, 19 young (19456K), 7 survivors (7168K)
 Metaspace       used 124692K, capacity 128168K, committed 128692K, reserved 1161216K
  class space    used 15353K, capacity 16537K, committed 16784K, reserved 1048576K
}
Event: 750.957 GC heap after
{Heap after GC invocations=36 (full 0):
 garbage-first heap   total 401408K, used 246059K [0x0000000080000000, 0x0000000100000000)
  region size 1024K, 3 young (3072K), 3 survivors (3072K)
 Metaspace       used 124692K, capacity 128168K, committed 128692K, reserved 1161216K
  class space    used 15353K, capacity 16537K, committed 16784K, reserved 1048576K
}
Event: 751.374 GC heap before
{Heap before GC invocations=36 (full 0):
 garbage-first heap   total 401408K, used 306475K [0x0000000080000000, 0x0000000100000000)
  region size 1024K, 62 young (63488K), 3 survivors (3072K)
 Metaspace       used 124785K, capacity 128396K, committed 128948K, reserved 1161216K
  class space    used 15356K, capacity 16570K, committed 16784K, reserved 1048576K
}
Event: 751.390 GC heap after
{Heap after GC invocations=37 (full 0):
 garbage-first heap   total 401408K, used 258048K [0x0000000080000000, 0x0000000100000000)
  region size 1024K, 8 young (8192K), 8 survivors (8192K)
 Metaspace       used 124785K, capacity 128396K, committed 128948K, reserved 1161216K
  class space    used 15356K, capacity 16570K, committed 16784K, reserved 1048576K
}
Event: 751.883 GC heap before
{Heap before GC invocations=38 (full 0):
 garbage-first heap   total 401408K, used 315392K [0x0000000080000000, 0x0000000100000000)
  region size 1024K, 64 young (65536K), 8 survivors (8192K)
 Metaspace       used 124824K, capacity 128401K, committed 128948K, reserved 1161216K
  class space    used 15357K, capacity 16571K, committed 16784K, reserved 1048576K
}
Event: 751.901 GC heap after
{Heap after GC invocations=39 (full 0):
 garbage-first heap   total 401408K, used 270862K [0x0000000080000000, 0x0000000100000000)
  region size 1024K, 8 young (8192K), 8 survivors (8192K)
 Metaspace       used 124824K, capacity 128401K, committed 128948K, reserved 1161216K
  class space    used 15357K, capacity 16571K, committed 16784K, reserved 1048576K
}
Event: 752.071 GC heap before
{Heap before GC invocations=39 (full 0):
 garbage-first heap   total 401408K, used 346638K [0x0000000080000000, 0x0000000100000000)
  region size 1024K, 19 young (19456K), 8 survivors (8192K)
 Metaspace       used 125033K, capacity 128617K, committed 129204K, reserved 1161216K
  class space    used 15368K, capacity 16575K, committed 16784K, reserved 1048576K
}
Event: 752.081 GC heap after
{Heap after GC invocations=40 (full 0):
 garbage-first heap   total 401408K, used 274218K [0x0000000080000000, 0x0000000100000000)
  region size 1024K, 3 young (3072K), 3 survivors (3072K)
 Metaspace       used 125033K, capacity 128617K, committed 129204K, reserved 1161216K
  class space    used 15368K, capacity 16575K, committed 16784K, reserved 1048576K
}

