# JRE version: OpenJDK Runtime Environment (11.0.8+10) (build 11.0.8+10-b944.6842174)
# Java VM: OpenJDK 64-Bit Server VM (11.0.8+10-b944.6842174, mixed mode, tiered, compressed oops, g1 gc, windows-amd64)
Heap:
 garbage-first heap   total 393216K, used 200118K [0x0000000080000000, 0x0000000100000000)
  region size 1024K, 142 young (145408K), 17 survivors (17408K)
 Metaspace       used 69080K, capacity 70945K, committed 71240K, reserved 1112064K
  class space    used 8944K, capacity 9576K, committed 9676K, reserved 1048576K
GC Heap History (14 events):
Event: 1.376 GC heap before
{Heap before GC invocations=0 (full 0):
 garbage-first heap   total 393216K, used 29696K [0x0000000080000000, 0x0000000100000000)
  region size 1024K, 24 young (24576K), 0 survivors (0K)
 Metaspace       used 10175K, capacity 10332K, committed 10368K, reserved 1058816K
  class space    used 1063K, capacity 1124K, committed 1152K, reserved 1048576K
}
Event: 1.380 GC heap after
{Heap after GC invocations=1 (full 0):
 garbage-first heap   total 393216K, used 8320K [0x0000000080000000, 0x0000000100000000)
  region size 1024K, 3 young (3072K), 3 survivors (3072K)
 Metaspace       used 10175K, capacity 10332K, committed 10368K, reserved 1058816K
  class space    used 1063K, capacity 1124K, committed 1152K, reserved 1048576K
}
Event: 4.225 GC heap before
{Heap before GC invocations=1 (full 0):
 garbage-first heap   total 393216K, used 93312K [0x0000000080000000, 0x0000000100000000)
  region size 1024K, 88 young (90112K), 3 survivors (3072K)
 Metaspace       used 20590K, capacity 21139K, committed 21296K, reserved 1069056K
  class space    used 2513K, capacity 2688K, committed 2688K, reserved 1048576K
}
Event: 4.234 GC heap after
{Heap after GC invocations=2 (full 0):
 garbage-first heap   total 393216K, used 16040K [0x0000000080000000, 0x0000000100000000)
  region size 1024K, 11 young (11264K), 11 survivors (11264K)
 Metaspace       used 20590K, capacity 21139K, committed 21296K, reserved 1069056K
  class space    used 2513K, capacity 2688K, committed 2688K, reserved 1048576K
}
Event: 5.483 GC heap before
{Heap before GC invocations=3 (full 0):
 garbage-first heap   total 393216K, used 83624K [0x0000000080000000, 0x0000000100000000)
  region size 1024K, 69 young (70656K), 11 survivors (11264K)
 Metaspace       used 26696K, capacity 27446K, committed 27568K, reserved 1073152K
  class space    used 3496K, capacity 3791K, committed 3840K, reserved 1048576K
}
Event: 5.492 GC heap after
{Heap after GC invocations=4 (full 0):
 garbage-first heap   total 393216K, used 30480K [0x0000000080000000, 0x0000000100000000)
  region size 1024K, 5 young (5120K), 5 survivors (5120K)
 Metaspace       used 26696K, capacity 27446K, committed 27568K, reserved 1073152K
  class space    used 3496K, capacity 3791K, committed 3840K, reserved 1048576K
}
Event: 6.362 GC heap before
{Heap before GC invocations=4 (full 0):
 garbage-first heap   total 393216K, used 74512K [0x0000000080000000, 0x0000000100000000)
  region size 1024K, 50 young (51200K), 5 survivors (5120K)
 Metaspace       used 34844K, capacity 35641K, committed 35708K, reserved 1081344K
  class space    used 4541K, capacity 4843K, committed 4864K, reserved 1048576K
}
Event: 6.372 GC heap after
{Heap after GC invocations=5 (full 0):
 garbage-first heap   total 393216K, used 33405K [0x0000000080000000, 0x0000000100000000)
  region size 1024K, 8 young (8192K), 8 survivors (8192K)
 Metaspace       used 34844K, capacity 35641K, committed 35708K, reserved 1081344K
  class space    used 4541K, capacity 4843K, committed 4864K, reserved 1048576K
}
Event: 8.756 GC heap before
{Heap before GC invocations=6 (full 0):
 garbage-first heap   total 393216K, used 141949K [0x0000000080000000, 0x0000000100000000)
  region size 1024K, 104 young (106496K), 8 survivors (8192K)
 Metaspace       used 43945K, capacity 45112K, committed 45384K, reserved 1089536K
  class space    used 5613K, capacity 6010K, committed 6092K, reserved 1048576K
}
Event: 8.765 GC heap after
{Heap after GC invocations=7 (full 0):
 garbage-first heap   total 393216K, used 48649K [0x0000000080000000, 0x0000000100000000)
  region size 1024K, 12 young (12288K), 12 survivors (12288K)
 Metaspace       used 43945K, capacity 45112K, committed 45384K, reserved 1089536K
  class space    used 5613K, capacity 6010K, committed 6092K, reserved 1048576K
}
Event: 11.215 GC heap before
{Heap before GC invocations=7 (full 0):
 garbage-first heap   total 393216K, used 184841K [0x0000000080000000, 0x0000000100000000)
  region size 1024K, 140 young (143360K), 12 survivors (12288K)
 Metaspace       used 52100K, capacity 53610K, committed 53960K, reserved 1095680K
  class space    used 6638K, capacity 7129K, committed 7244K, reserved 1048576K
}
Event: 11.229 GC heap after
{Heap after GC invocations=8 (full 0):
 garbage-first heap   total 393216K, used 67572K [0x0000000080000000, 0x0000000100000000)
  region size 1024K, 18 young (18432K), 18 survivors (18432K)
 Metaspace       used 52100K, capacity 53610K, committed 53960K, reserved 1095680K
  class space    used 6638K, capacity 7129K, committed 7244K, reserved 1048576K
}
Event: 12.110 GC heap before
{Heap before GC invocations=8 (full 0):
 garbage-first heap   total 393216K, used 120820K [0x0000000080000000, 0x0000000100000000)
  region size 1024K, 71 young (72704K), 18 survivors (18432K)
 Metaspace       used 58164K, capacity 59843K, committed 59976K, reserved 1101824K
  class space    used 7422K, capacity 8009K, committed 8140K, reserved 1048576K
}
Event: 12.125 GC heap after
{Heap after GC invocations=9 (full 0):
 garbage-first heap   total 393216K, used 73142K [0x0000000080000000, 0x0000000100000000)
  region size 1024K, 17 young (17408K), 17 survivors (17408K)
 Metaspace       used 58164K, capacity 59843K, committed 59976K, reserved 1101824K
  class space    used 7422K, capacity 8009K, committed 8140K, reserved 1048576K
}

